okgo/build/intermediates/manifest_merge_blame_file/debug/manifest-merger-blame-debug-report.txt
1<?xml version="1.0" encoding="utf-8"?>
2<!--
3    Copyright 2016 jeasonlzy(廖子尧)
4    
5    Licensed under the Apache License, Version 2.0 (the "License");
6    you may not use this file except in compliance with the License.
7    You may obtain a copy of the License at
8    
9       http://www.apache.org/licenses/LICENSE-2.0
10       
11    Unless required by applicable law or agreed to in writing, software
12    distributed under the License is distributed on an "AS IS" BASIS,
13    WITHOUT WARRANTIES OR CONDITIONS OF ANY KIND, either express or implied.
14    See the License for the specific language governing permissions and
15    limitations under the License.
16-->
17<manifest xmlns:android="http://schemas.android.com/apk/res/android"
18    package="com.lzy.okgo"
19    android:versionCode="1"
20    android:versionName="1.0" >
21
22    <uses-sdk
23        android:minSdkVersion="19"
23-->src\main\AndroidManifest.xml
24        android:targetSdkVersion="28" />
24-->src\main\AndroidManifest.xml
25
26    <uses-permission android:name="android.permission.INTERNET" />
26-->src\main\AndroidManifest.xml:20:5-66
26-->src\main\AndroidManifest.xml:20:22-64
27    <uses-permission android:name="android.permission.READ_EXTERNAL_STORAGE" />
27-->src\main\AndroidManifest.xml:21:5-79
27-->src\main\AndroidManifest.xml:21:22-77
28    <uses-permission android:name="android.permission.WRITE_EXTERNAL_STORAGE" />
28-->src\main\AndroidManifest.xml:22:5-80
28-->src\main\AndroidManifest.xml:22:22-78
29    <uses-permission android:name="android.permission.MOUNT_UNMOUNT_FILESYSTEMS" />
29-->src\main\AndroidManifest.xml:23:5-83
29-->src\main\AndroidManifest.xml:23:22-81
30
31</manifest>